1697461207165	geckodriver	INFO	Listening on 127.0.0.1:9110
1697461207199	mozrunner::runner	INFO	Running command: "C:\\Program Files\\Mozilla Firefox\\firefox.exe" "--marionette" "-no-remote" "-profile" "C:\\Users\\admin\\AppData\\Local\\Temp\\rust_mozprofilepRXega"
console.warn: services.settings: Ignoring preference override of remote settings server
console.warn: services.settings: Allow by setting MOZ_REMOTE_SETTINGS_DEVTOOLS=1 in the environment
1697461207635	Marionette	INFO	Marionette enabled
Dynamically enable window occlusion 0
1697461207978	Marionette	INFO	Listening on port 54939
Read port: 54939
1697461208157	RemoteAgent	WARN	TLS certificate errors will be ignored for this session
JavaScript warning: http://live.techpanda.org/js/calendar/calendar.js, line 138: unreachable code after return statement
JavaScript warning: http://live.techpanda.org/js/calendar/calendar.js, line 138: unreachable code after return statement
JavaScript warning: http://live.techpanda.org/js/calendar/calendar.js, line 138: unreachable code after return statement
console.warn: LoginRecipes: "Falling back to a synchronous message for: http://live.techpanda.org."
console.warn: LoginRecipes: "Falling back to a synchronous message for: http://live.techpanda.org."
console.warn: LoginRecipes: "Falling back to a synchronous message for: http://live.techpanda.org."
JavaScript error: , line 0: uncaught exception: undefined
console.warn: LoginRecipes: "Falling back to a synchronous message for: http://live.techpanda.org."
JavaScript warning: http://live.techpanda.org/js/calendar/calendar.js, line 138: unreachable code after return statement
1697461260730	Marionette	INFO	Stopped listening on port 54939
Dynamically enable window occlusion 1
